# JRE version: OpenJDK Runtime Environment Temurin-21.0.7+6 (21.0.7+6) (build 21.0.7+6-LTS)
# Java VM: OpenJDK 64-Bit Server VM Temurin-21.0.7+6 (21.0.7+6-LTS, mixed mode, sharing, tiered, compressed oops, compressed class ptrs, parallel gc, windows-amd64)
GC Precious Log:
 CardTable entry size: 512
 CPUs: 8 total, 8 available
 Memory: 16242M
 Large Page Support: Disabled
 NUMA Support: Disabled
 Compressed Oops: Enabled (32-bit)
 Alignments: Space 512K, Generation 512K, Heap 2M
 Heap Min Capacity: 100M
 Heap Initial Capacity: 100M
 Heap Max Capacity: 1G
 Pre-touch: Disabled
 Parallel Workers: 8
Heap:
 PSYoungGen      total 1536K, used 653K [0x00000000eab00000, 0x00000000eaf80000, 0x0000000100000000)
  eden space 1024K, 41% used [0x00000000eab00000,0x00000000eab6b6d0,0x00000000eac00000)
  from space 512K, 43% used [0x00000000eae80000,0x00000000eaeb8000,0x00000000eaf00000)
  to   space 512K, 0% used [0x00000000eaf00000,0x00000000eaf00000,0x00000000eaf80000)
 ParOldGen       total 410624K, used 410274K [0x00000000c0000000, 0x00000000d9100000, 0x00000000eab00000)
  object space 410624K, 99% used [0x00000000c0000000,0x00000000d90a8840,0x00000000d9100000)
 Metaspace       used 59694K, committed 61120K, reserved 1114112K
  class space    used 6778K, committed 7424K, reserved 1048576K
GC Heap History (20 events):
Event: 38.637 GC heap before
{Heap before GC invocations=361 (full 3):
 PSYoungGen      total 2048K, used 1666K [0x00000000eab00000, 0x00000000eb080000, 0x0000000100000000)
  eden space 1024K, 96% used [0x00000000eab00000,0x00000000eabf6b50,0x00000000eac00000)
  from space 1024K, 66% used [0x00000000eae80000,0x00000000eaf2a018,0x00000000eaf80000)
  to   space 1024K, 0% used [0x00000000eaf80000,0x00000000eaf80000,0x00000000eb080000)
 ParOldGen       total 405504K, used 405241K [0x00000000c0000000, 0x00000000d8c00000, 0x00000000eab00000)
  object space 405504K, 99% used [0x00000000c0000000,0x00000000d8bbe5e8,0x00000000d8c00000)
 Metaspace       used 59008K, committed 60352K, reserved 1114112K
  class space    used 6688K, committed 7296K, reserved 1048576K
}
Event: 38.639 GC heap after
{Heap after GC invocations=361 (full 3):
 PSYoungGen      total 2048K, used 656K [0x00000000eab00000, 0x00000000eb080000, 0x0000000100000000)
  eden space 1024K, 0% used [0x00000000eab00000,0x00000000eab00000,0x00000000eac00000)
  from space 1024K, 64% used [0x00000000eaf80000,0x00000000eb024008,0x00000000eb080000)
  to   space 1024K, 0% used [0x00000000eae80000,0x00000000eae80000,0x00000000eaf80000)
 ParOldGen       total 406016K, used 405689K [0x00000000c0000000, 0x00000000d8c80000, 0x00000000eab00000)
  object space 406016K, 99% used [0x00000000c0000000,0x00000000d8c2e5f8,0x00000000d8c80000)
 Metaspace       used 59008K, committed 60352K, reserved 1114112K
  class space    used 6688K, committed 7296K, reserved 1048576K
}
Event: 38.647 GC heap before
{Heap before GC invocations=362 (full 3):
 PSYoungGen      total 2048K, used 1678K [0x00000000eab00000, 0x00000000eb080000, 0x0000000100000000)
  eden space 1024K, 99% used [0x00000000eab00000,0x00000000eabffb50,0x00000000eac00000)
  from space 1024K, 64% used [0x00000000eaf80000,0x00000000eb024008,0x00000000eb080000)
  to   space 1024K, 0% used [0x00000000eae80000,0x00000000eae80000,0x00000000eaf80000)
 ParOldGen       total 406016K, used 405689K [0x00000000c0000000, 0x00000000d8c80000, 0x00000000eab00000)
  object space 406016K, 99% used [0x00000000c0000000,0x00000000d8c2e5f8,0x00000000d8c80000)
 Metaspace       used 59034K, committed 60416K, reserved 1114112K
  class space    used 6695K, committed 7360K, reserved 1048576K
}
Event: 38.649 GC heap after
{Heap after GC invocations=362 (full 3):
 PSYoungGen      total 2048K, used 737K [0x00000000eab00000, 0x00000000eb000000, 0x0000000100000000)
  eden space 1024K, 0% used [0x00000000eab00000,0x00000000eab00000,0x00000000eac00000)
  from space 1024K, 72% used [0x00000000eae80000,0x00000000eaf386e0,0x00000000eaf80000)
  to   space 512K, 0% used [0x00000000eaf80000,0x00000000eaf80000,0x00000000eb000000)
 ParOldGen       total 406528K, used 406177K [0x00000000c0000000, 0x00000000d8d00000, 0x00000000eab00000)
  object space 406528K, 99% used [0x00000000c0000000,0x00000000d8ca8600,0x00000000d8d00000)
 Metaspace       used 59034K, committed 60416K, reserved 1114112K
  class space    used 6695K, committed 7360K, reserved 1048576K
}
Event: 38.663 GC heap before
{Heap before GC invocations=363 (full 3):
 PSYoungGen      total 2048K, used 1758K [0x00000000eab00000, 0x00000000eb000000, 0x0000000100000000)
  eden space 1024K, 99% used [0x00000000eab00000,0x00000000eabff248,0x00000000eac00000)
  from space 1024K, 72% used [0x00000000eae80000,0x00000000eaf386e0,0x00000000eaf80000)
  to   space 512K, 0% used [0x00000000eaf80000,0x00000000eaf80000,0x00000000eb000000)
 ParOldGen       total 406528K, used 406177K [0x00000000c0000000, 0x00000000d8d00000, 0x00000000eab00000)
  object space 406528K, 99% used [0x00000000c0000000,0x00000000d8ca8600,0x00000000d8d00000)
 Metaspace       used 59108K, committed 60480K, reserved 1114112K
  class space    used 6698K, committed 7360K, reserved 1048576K
}
Event: 38.666 GC heap after
{Heap after GC invocations=363 (full 3):
 PSYoungGen      total 1536K, used 512K [0x00000000eab00000, 0x00000000eb000000, 0x0000000100000000)
  eden space 1024K, 0% used [0x00000000eab00000,0x00000000eab00000,0x00000000eac00000)
  from space 512K, 100% used [0x00000000eaf80000,0x00000000eb000000,0x00000000eb000000)
  to   space 1536K, 0% used [0x00000000ead00000,0x00000000ead00000,0x00000000eae80000)
 ParOldGen       total 407040K, used 406905K [0x00000000c0000000, 0x00000000d8d80000, 0x00000000eab00000)
  object space 407040K, 99% used [0x00000000c0000000,0x00000000d8d5e660,0x00000000d8d80000)
 Metaspace       used 59108K, committed 60480K, reserved 1114112K
  class space    used 6698K, committed 7360K, reserved 1048576K
}
Event: 38.677 GC heap before
{Heap before GC invocations=364 (full 3):
 PSYoungGen      total 1536K, used 1536K [0x00000000eab00000, 0x00000000eb000000, 0x0000000100000000)
  eden space 1024K, 100% used [0x00000000eab00000,0x00000000eac00000,0x00000000eac00000)
  from space 512K, 100% used [0x00000000eaf80000,0x00000000eb000000,0x00000000eb000000)
  to   space 1536K, 0% used [0x00000000ead00000,0x00000000ead00000,0x00000000eae80000)
 ParOldGen       total 407040K, used 406905K [0x00000000c0000000, 0x00000000d8d80000, 0x00000000eab00000)
  object space 407040K, 99% used [0x00000000c0000000,0x00000000d8d5e660,0x00000000d8d80000)
 Metaspace       used 59174K, committed 60544K, reserved 1114112K
  class space    used 6708K, committed 7360K, reserved 1048576K
}
Event: 38.679 GC heap after
{Heap after GC invocations=364 (full 3):
 PSYoungGen      total 2560K, used 736K [0x00000000eab00000, 0x00000000eb000000, 0x0000000100000000)
  eden space 1024K, 0% used [0x00000000eab00000,0x00000000eab00000,0x00000000eac00000)
  from space 1536K, 47% used [0x00000000ead00000,0x00000000eadb8000,0x00000000eae80000)
  to   space 1024K, 0% used [0x00000000eaf00000,0x00000000eaf00000,0x00000000eb000000)
 ParOldGen       total 407552K, used 407377K [0x00000000c0000000, 0x00000000d8e00000, 0x00000000eab00000)
  object space 407552K, 99% used [0x00000000c0000000,0x00000000d8dd4660,0x00000000d8e00000)
 Metaspace       used 59174K, committed 60544K, reserved 1114112K
  class space    used 6708K, committed 7360K, reserved 1048576K
}
Event: 38.692 GC heap before
{Heap before GC invocations=365 (full 3):
 PSYoungGen      total 2560K, used 1759K [0x00000000eab00000, 0x00000000eb000000, 0x0000000100000000)
  eden space 1024K, 99% used [0x00000000eab00000,0x00000000eabffff8,0x00000000eac00000)
  from space 1536K, 47% used [0x00000000ead00000,0x00000000eadb8000,0x00000000eae80000)
  to   space 1024K, 0% used [0x00000000eaf00000,0x00000000eaf00000,0x00000000eb000000)
 ParOldGen       total 407552K, used 407377K [0x00000000c0000000, 0x00000000d8e00000, 0x00000000eab00000)
  object space 407552K, 99% used [0x00000000c0000000,0x00000000d8dd4660,0x00000000d8e00000)
 Metaspace       used 59186K, committed 60544K, reserved 1114112K
  class space    used 6709K, committed 7360K, reserved 1048576K
}
Event: 38.694 GC heap after
{Heap after GC invocations=365 (full 3):
 PSYoungGen      total 2048K, used 848K [0x00000000eab00000, 0x00000000eb000000, 0x0000000100000000)
  eden space 1024K, 0% used [0x00000000eab00000,0x00000000eab00000,0x00000000eac00000)
  from space 1024K, 82% used [0x00000000eaf00000,0x00000000eafd4030,0x00000000eb000000)
  to   space 1024K, 0% used [0x00000000eae00000,0x00000000eae00000,0x00000000eaf00000)
 ParOldGen       total 408064K, used 407985K [0x00000000c0000000, 0x00000000d8e80000, 0x00000000eab00000)
  object space 408064K, 99% used [0x00000000c0000000,0x00000000d8e6c660,0x00000000d8e80000)
 Metaspace       used 59186K, committed 60544K, reserved 1114112K
  class space    used 6709K, committed 7360K, reserved 1048576K
}
Event: 38.702 GC heap before
{Heap before GC invocations=366 (full 3):
 PSYoungGen      total 2048K, used 1872K [0x00000000eab00000, 0x00000000eb000000, 0x0000000100000000)
  eden space 1024K, 100% used [0x00000000eab00000,0x00000000eac00000,0x00000000eac00000)
  from space 1024K, 82% used [0x00000000eaf00000,0x00000000eafd4030,0x00000000eb000000)
  to   space 1024K, 0% used [0x00000000eae00000,0x00000000eae00000,0x00000000eaf00000)
 ParOldGen       total 408064K, used 407985K [0x00000000c0000000, 0x00000000d8e80000, 0x00000000eab00000)
  object space 408064K, 99% used [0x00000000c0000000,0x00000000d8e6c660,0x00000000d8e80000)
 Metaspace       used 59186K, committed 60544K, reserved 1114112K
  class space    used 6709K, committed 7360K, reserved 1048576K
}
Event: 38.705 GC heap after
{Heap after GC invocations=366 (full 3):
 PSYoungGen      total 2048K, used 1024K [0x00000000eab00000, 0x00000000eb000000, 0x0000000100000000)
  eden space 1024K, 0% used [0x00000000eab00000,0x00000000eab00000,0x00000000eac00000)
  from space 1024K, 100% used [0x00000000eae00000,0x00000000eaf00000,0x00000000eaf00000)
  to   space 1024K, 0% used [0x00000000eaf00000,0x00000000eaf00000,0x00000000eb000000)
 ParOldGen       total 409088K, used 408785K [0x00000000c0000000, 0x00000000d8f80000, 0x00000000eab00000)
  object space 409088K, 99% used [0x00000000c0000000,0x00000000d8f34690,0x00000000d8f80000)
 Metaspace       used 59186K, committed 60544K, reserved 1114112K
  class space    used 6709K, committed 7360K, reserved 1048576K
}
Event: 39.157 GC heap before
{Heap before GC invocations=367 (full 3):
 PSYoungGen      total 2048K, used 2048K [0x00000000eab00000, 0x00000000eb000000, 0x0000000100000000)
  eden space 1024K, 100% used [0x00000000eab00000,0x00000000eac00000,0x00000000eac00000)
  from space 1024K, 100% used [0x00000000eae00000,0x00000000eaf00000,0x00000000eaf00000)
  to   space 1024K, 0% used [0x00000000eaf00000,0x00000000eaf00000,0x00000000eb000000)
 ParOldGen       total 409088K, used 408785K [0x00000000c0000000, 0x00000000d8f80000, 0x00000000eab00000)
  object space 409088K, 99% used [0x00000000c0000000,0x00000000d8f34690,0x00000000d8f80000)
 Metaspace       used 59246K, committed 60672K, reserved 1114112K
  class space    used 6716K, committed 7360K, reserved 1048576K
}
Event: 39.160 GC heap after
{Heap after GC invocations=367 (full 3):
 PSYoungGen      total 1536K, used 448K [0x00000000eab00000, 0x00000000eaf80000, 0x0000000100000000)
  eden space 1024K, 0% used [0x00000000eab00000,0x00000000eab00000,0x00000000eac00000)
  from space 512K, 87% used [0x00000000eaf00000,0x00000000eaf70000,0x00000000eaf80000)
  to   space 1024K, 0% used [0x00000000ead80000,0x00000000ead80000,0x00000000eae80000)
 ParOldGen       total 410112K, used 409785K [0x00000000c0000000, 0x00000000d9080000, 0x00000000eab00000)
  object space 410112K, 99% used [0x00000000c0000000,0x00000000d902e690,0x00000000d9080000)
 Metaspace       used 59246K, committed 60672K, reserved 1114112K
  class space    used 6716K, committed 7360K, reserved 1048576K
}
Event: 39.218 GC heap before
{Heap before GC invocations=368 (full 3):
 PSYoungGen      total 1536K, used 1471K [0x00000000eab00000, 0x00000000eaf80000, 0x0000000100000000)
  eden space 1024K, 99% used [0x00000000eab00000,0x00000000eabffca0,0x00000000eac00000)
  from space 512K, 87% used [0x00000000eaf00000,0x00000000eaf70000,0x00000000eaf80000)
  to   space 1024K, 0% used [0x00000000ead80000,0x00000000ead80000,0x00000000eae80000)
 ParOldGen       total 410112K, used 409785K [0x00000000c0000000, 0x00000000d9080000, 0x00000000eab00000)
  object space 410112K, 99% used [0x00000000c0000000,0x00000000d902e690,0x00000000d9080000)
 Metaspace       used 59341K, committed 60736K, reserved 1114112K
  class space    used 6727K, committed 7360K, reserved 1048576K
}
Event: 39.220 GC heap after
{Heap after GC invocations=368 (full 3):
 PSYoungGen      total 2048K, used 192K [0x00000000eab00000, 0x00000000eaf80000, 0x0000000100000000)
  eden space 1024K, 0% used [0x00000000eab00000,0x00000000eab00000,0x00000000eac00000)
  from space 1024K, 18% used [0x00000000ead80000,0x00000000eadb0000,0x00000000eae80000)
  to   space 512K, 0% used [0x00000000eaf00000,0x00000000eaf00000,0x00000000eaf80000)
 ParOldGen       total 410624K, used 410153K [0x00000000c0000000, 0x00000000d9100000, 0x00000000eab00000)
  object space 410624K, 99% used [0x00000000c0000000,0x00000000d908a690,0x00000000d9100000)
 Metaspace       used 59341K, committed 60736K, reserved 1114112K
  class space    used 6727K, committed 7360K, reserved 1048576K
}
Event: 39.244 GC heap before
{Heap before GC invocations=369 (full 3):
 PSYoungGen      total 2048K, used 1215K [0x00000000eab00000, 0x00000000eaf80000, 0x0000000100000000)
  eden space 1024K, 99% used [0x00000000eab00000,0x00000000eabfffe8,0x00000000eac00000)
  from space 1024K, 18% used [0x00000000ead80000,0x00000000eadb0000,0x00000000eae80000)
  to   space 512K, 0% used [0x00000000eaf00000,0x00000000eaf00000,0x00000000eaf80000)
 ParOldGen       total 410624K, used 410153K [0x00000000c0000000, 0x00000000d9100000, 0x00000000eab00000)
  object space 410624K, 99% used [0x00000000c0000000,0x00000000d908a690,0x00000000d9100000)
 Metaspace       used 59495K, committed 60864K, reserved 1114112K
  class space    used 6743K, committed 7360K, reserved 1048576K
}
Event: 39.246 GC heap after
{Heap after GC invocations=369 (full 3):
 PSYoungGen      total 1536K, used 160K [0x00000000eab00000, 0x00000000eaf80000, 0x0000000100000000)
  eden space 1024K, 0% used [0x00000000eab00000,0x00000000eab00000,0x00000000eac00000)
  from space 512K, 31% used [0x00000000eaf00000,0x00000000eaf28000,0x00000000eaf80000)
  to   space 512K, 0% used [0x00000000eae80000,0x00000000eae80000,0x00000000eaf00000)
 ParOldGen       total 410624K, used 410234K [0x00000000c0000000, 0x00000000d9100000, 0x00000000eab00000)
  object space 410624K, 99% used [0x00000000c0000000,0x00000000d909e840,0x00000000d9100000)
 Metaspace       used 59495K, committed 60864K, reserved 1114112K
  class space    used 6743K, committed 7360K, reserved 1048576K
}
Event: 39.265 GC heap before
{Heap before GC invocations=370 (full 3):
 PSYoungGen      total 1536K, used 1179K [0x00000000eab00000, 0x00000000eaf80000, 0x0000000100000000)
  eden space 1024K, 99% used [0x00000000eab00000,0x00000000eabfed28,0x00000000eac00000)
  from space 512K, 31% used [0x00000000eaf00000,0x00000000eaf28000,0x00000000eaf80000)
  to   space 512K, 0% used [0x00000000eae80000,0x00000000eae80000,0x00000000eaf00000)
 ParOldGen       total 410624K, used 410234K [0x00000000c0000000, 0x00000000d9100000, 0x00000000eab00000)
  object space 410624K, 99% used [0x00000000c0000000,0x00000000d909e840,0x00000000d9100000)
 Metaspace       used 59631K, committed 60992K, reserved 1114112K
  class space    used 6767K, committed 7360K, reserved 1048576K
}
Event: 39.267 GC heap after
{Heap after GC invocations=370 (full 3):
 PSYoungGen      total 1536K, used 224K [0x00000000eab00000, 0x00000000eaf80000, 0x0000000100000000)
  eden space 1024K, 0% used [0x00000000eab00000,0x00000000eab00000,0x00000000eac00000)
  from space 512K, 43% used [0x00000000eae80000,0x00000000eaeb8000,0x00000000eaf00000)
  to   space 512K, 0% used [0x00000000eaf00000,0x00000000eaf00000,0x00000000eaf80000)
 ParOldGen       total 410624K, used 410274K [0x00000000c0000000, 0x00000000d9100000, 0x00000000eab00000)
  object space 410624K, 99% used [0x00000000c0000000,0x00000000d90a8840,0x00000000d9100000)
 Metaspace       used 59631K, committed 60992K, reserved 1114112K
  class space    used 6767K, committed 7360K, reserved 1048576K
}

